[21:28:49][no_game_date][dlc.cpp:222]: Invalid supported_version in  file: mod/allied_speeches.mod line: 10
[21:28:49][no_game_date][dlc.cpp:222]: Invalid supported_version in  file: mod/chaoaiediteaw.mod line: 14
[21:28:49][no_game_date][dlc.cpp:222]: Invalid supported_version in  file: mod/dashiTANK.mod line: 16
[21:28:49][no_game_date][dlc.cpp:222]: Invalid supported_version in  file: mod/eawbbuseclguns.mod line: 8
[21:28:49][no_game_date][dlc.cpp:222]: Invalid supported_version in  file: mod/eawlocfix.mod line: 12
[21:28:49][no_game_date][dlc.cpp:222]: Invalid supported_version in  file: mod/eawspspecial.mod line: 12
[21:28:49][no_game_date][dlc.cpp:222]: Invalid supported_version in  file: mod/leadxers.mod line: 7
[21:28:49][no_game_date][dlc.cpp:222]: Invalid supported_version in  file: mod/ponymusicfixed.mod line: 8
[21:28:49][no_game_date][dlc.cpp:222]: Invalid supported_version in  file: mod/ugc_1348267085.mod line: 7
[21:28:49][no_game_date][dlc.cpp:222]: Invalid supported_version in  file: mod/ugc_1629702438.mod line: 6
[21:28:49][no_game_date][dlc.cpp:222]: Invalid supported_version in  file: mod/ugc_2019479241.mod line: 3
[21:28:49][no_game_date][dlc.cpp:222]: Invalid supported_version in  file: mod/ugc_2314343894.mod line: 6
[21:28:49][no_game_date][dlc.cpp:222]: Invalid supported_version in  file: mod/ugc_2445956833.mod line: 8
[21:28:49][no_game_date][dlc.cpp:222]: Invalid supported_version in  file: mod/ugc_2809213693.mod line: 8
[21:28:49][no_game_date][dlc.cpp:222]: Invalid supported_version in  file: mod/ugc_2822131117.mod line: 7
[21:28:49][no_game_date][dlc.cpp:222]: Invalid supported_version in  file: mod/ugc_2938290655.mod line: 8
[21:28:49][no_game_date][dlc.cpp:222]: Invalid supported_version in  file: mod/ugc_2984939557.mod line: 11
[21:28:49][no_game_date][dlc.cpp:222]: Invalid supported_version in  file: mod/ugc_3009241301.mod line: 8
[21:28:49][no_game_date][dlc.cpp:222]: Invalid supported_version in  file: mod/ugc_3009437701.mod line: 7
[21:28:49][no_game_date][dlc.cpp:222]: Invalid supported_version in  file: mod/ugc_3011762096.mod line: 8
[21:28:49][no_game_date][dlc.cpp:222]: Invalid supported_version in  file: mod/ugc_3047188499.mod line: 7
[21:28:49][no_game_date][dlc.cpp:222]: Invalid supported_version in  file: mod/ugc_3144391068.mod line: 12
[21:28:49][no_game_date][dlc.cpp:222]: Invalid supported_version in  file: mod/ugc_3313579396.mod line: 8
[21:28:49][no_game_date][dlc.cpp:222]: Invalid supported_version in  file: mod/ugc_3366131759.mod line: 12
[21:28:49][no_game_date][dlc.cpp:222]: Invalid supported_version in  file: mod/ugc_3469310112.mod line: 11
[21:28:49][no_game_date][persistent.cpp:66]: Error: "Unexpected token: pictire, near line: 9" in file: "mod/ugc_3587178170.mod" near line: 9
[21:28:49][no_game_date][dlc.cpp:222]: Invalid supported_version in  file: mod/ugc_3587178170.mod line: 11
[21:28:49][no_game_date][pdx_localize.cpp:1100]: Expected colon(:) at line 1 and column 10 in localisation/english/NCH_parties_l_english.yml
[21:28:50][no_game_date][pdx_localize.cpp:1202]: Illegal break character (utf32=8221) at line 1378 and column 25 in localisation/english/country_NCH_l_english.yml
[21:28:50][no_game_date][pdx_localize.cpp:1202]: Illegal break character (utf32=8221) at line 1378 and column 58 in localisation/english/country_NCH_l_english.yml
[21:28:52][no_game_date][assetfactory_audio.cpp:499]: Could not find music file 'music/Resonant_Tonality-Hearth's_Warming_War.ogg' in  file: music/eaw_music.asset line: 121
[21:28:52][no_game_date][pdx_audio.cpp:337]: Missing sound: por_idle_001
[21:28:52][no_game_date][pdx_audio.cpp:337]: Missing sound: por_idle_002
[21:28:52][no_game_date][pdx_audio.cpp:337]: Missing sound: por_idle_003
[21:28:52][no_game_date][pdx_audio.cpp:337]: Missing sound: por_idle_004
[21:28:52][no_game_date][pdx_audio.cpp:337]: Missing sound: por_idle_005
[21:28:52][no_game_date][pdx_audio.cpp:337]: Missing sound: por_idle_006
[21:28:52][no_game_date][pdx_audio.cpp:337]: Missing sound: por_idle_007
[21:28:52][no_game_date][pdx_audio.cpp:337]: Missing sound: por_idle_008
[21:28:52][no_game_date][pdx_audio.cpp:337]: Missing sound: por_idle_009
[21:28:52][no_game_date][pdx_audio.cpp:337]: Missing sound: por_idle_010
[21:28:52][no_game_date][pdx_audio.cpp:337]: Missing sound: por_idle_011
[21:28:52][no_game_date][pdx_audio.cpp:337]: Missing sound: por_idle_012
[21:28:52][no_game_date][pdx_audio.cpp:337]: Missing sound: por_idle_013
[21:28:52][no_game_date][pdx_audio.cpp:337]: Missing sound: por_idle_014
[21:28:52][no_game_date][pdx_audio.cpp:337]: Missing sound: por_idle_015
[21:28:52][no_game_date][pdx_audio.cpp:337]: Missing sound: por_idle_016
[21:28:52][no_game_date][pdx_audio.cpp:337]: Missing sound: por_idle_017
[21:28:52][no_game_date][pdx_audio.cpp:337]: Missing sound: por_idle_018
[21:28:52][no_game_date][pdx_audio.cpp:337]: Missing sound: por_idle_019
[21:28:52][no_game_date][pdx_audio.cpp:337]: Missing sound: por_idle_020
[21:28:52][no_game_date][pdx_audio.cpp:337]: Missing sound: por_idle_021
[21:28:52][no_game_date][pdx_audio.cpp:337]: Missing sound: por_idle_022
[21:28:52][no_game_date][pdx_audio.cpp:337]: Missing sound: por_idle_023
[21:28:52][no_game_date][pdx_audio.cpp:337]: Missing sound: por_idle_024
[21:28:52][no_game_date][pdx_audio.cpp:337]: Missing sound: por_idle_025
[21:28:52][no_game_date][pdx_audio.cpp:337]: Missing sound: por_idle_026
[21:28:52][no_game_date][pdx_audio.cpp:337]: Missing sound: por_idle_027
[21:28:52][no_game_date][pdx_audio.cpp:337]: Missing sound: por_Neutral_001
[21:28:52][no_game_date][pdx_audio.cpp:337]: Missing sound: por_Neutral_002
[21:28:52][no_game_date][pdx_audio.cpp:337]: Missing sound: por_Neutral_003
[21:28:52][no_game_date][pdx_audio.cpp:337]: Missing sound: por_Neutral_004
[21:28:52][no_game_date][pdx_audio.cpp:337]: Missing sound: por_Neutral_005
[21:28:52][no_game_date][pdx_audio.cpp:337]: Missing sound: por_Neutral_006
[21:28:52][no_game_date][pdx_audio.cpp:337]: Missing sound: por_Neutral_007
[21:28:52][no_game_date][pdx_audio.cpp:337]: Missing sound: por_Neutral_008
[21:28:52][no_game_date][pdx_audio.cpp:337]: Missing sound: por_Neutral_009
[21:28:52][no_game_date][pdx_audio.cpp:337]: Missing sound: por_Neutral_010
[21:28:52][no_game_date][pdx_audio.cpp:337]: Missing sound: por_Neutral_011
[21:28:52][no_game_date][pdx_audio.cpp:337]: Missing sound: por_Neutral_012
[21:28:52][no_game_date][pdx_audio.cpp:337]: Missing sound: por_Neutral_013
[21:28:52][no_game_date][pdx_audio.cpp:337]: Missing sound: por_Neutral_014
[21:28:52][no_game_date][pdx_audio.cpp:337]: Missing sound: por_Neutral_015
[21:28:52][no_game_date][pdx_audio.cpp:337]: Missing sound: por_Neutral_016
[21:28:52][no_game_date][pdx_audio.cpp:337]: Missing sound: por_Neutral_017
[21:28:52][no_game_date][pdx_audio.cpp:337]: Missing sound: por_Neutral_018
[21:28:52][no_game_date][pdx_audio.cpp:337]: Missing sound: por_Neutral_019
[21:28:52][no_game_date][pdx_audio.cpp:337]: Missing sound: por_Neutral_020
[21:28:52][no_game_date][pdx_audio.cpp:337]: Missing sound: por_Neutral_021
[21:28:52][no_game_date][pdx_audio.cpp:337]: Missing sound: por_Positive_001
[21:28:52][no_game_date][pdx_audio.cpp:337]: Missing sound: por_Positive_002
[21:28:52][no_game_date][pdx_audio.cpp:337]: Missing sound: por_Positive_003
[21:28:52][no_game_date][pdx_audio.cpp:337]: Missing sound: por_Positive_004
[21:28:52][no_game_date][pdx_audio.cpp:337]: Missing sound: por_Positive_005
[21:28:52][no_game_date][pdx_audio.cpp:337]: Missing sound: por_Positive_006
[21:28:52][no_game_date][pdx_audio.cpp:337]: Missing sound: por_Positive_007
[21:28:52][no_game_date][pdx_audio.cpp:337]: Missing sound: por_Positive_008
[21:28:52][no_game_date][pdx_audio.cpp:337]: Missing sound: por_Positive_009
[21:28:52][no_game_date][pdx_audio.cpp:337]: Missing sound: por_Positive_010
[21:28:52][no_game_date][pdx_audio.cpp:337]: Missing sound: por_Positive_011
[21:28:52][no_game_date][pdx_audio.cpp:337]: Missing sound: por_Positive_012
[21:28:52][no_game_date][pdx_audio.cpp:337]: Missing sound: por_Positive_013
[21:28:52][no_game_date][pdx_audio.cpp:337]: Missing sound: por_Positive_014
[21:28:52][no_game_date][pdx_audio.cpp:337]: Missing sound: por_Positive_015
[21:28:52][no_game_date][pdx_audio.cpp:337]: Missing sound: por_Positive_016
[21:28:52][no_game_date][pdx_audio.cpp:337]: Missing sound: por_Positive_017
[21:28:52][no_game_date][pdx_audio.cpp:337]: Missing sound: por_Positive_018
[21:28:52][no_game_date][pdx_audio.cpp:337]: Missing sound: por_Positive_019
[21:28:52][no_game_date][pdx_audio.cpp:337]: Missing sound: por_Positive_020
[21:28:52][no_game_date][pdx_audio.cpp:337]: Missing sound: por_Positive_021
[21:28:52][no_game_date][pdx_audio.cpp:337]: Missing sound: por_Positive_022
[21:28:52][no_game_date][pdx_audio.cpp:337]: Missing sound: por_Positive_023
[21:28:52][no_game_date][pdx_audio.cpp:337]: Missing sound: por_Positive_024
[21:28:52][no_game_date][pdx_audio.cpp:337]: Missing sound: por_Retreat_001
[21:28:52][no_game_date][pdx_audio.cpp:337]: Missing sound: por_Retreat_002
[21:28:52][no_game_date][pdx_audio.cpp:337]: Missing sound: por_Retreat_003
[21:28:52][no_game_date][pdx_audio.cpp:337]: Missing sound: por_Retreat_004
[21:28:52][no_game_date][pdx_audio.cpp:337]: Missing sound: por_Retreat_005
[21:28:52][no_game_date][pdx_audio.cpp:337]: Missing sound: por_Retreat_006
[21:28:52][no_game_date][pdx_audio.cpp:337]: Missing sound: por_Retreat_007
[21:28:52][no_game_date][pdx_audio.cpp:337]: Missing sound: por_Retreat_008
[21:28:52][no_game_date][pdx_audio.cpp:337]: Missing sound: por_Retreat_009
[21:28:52][no_game_date][pdx_audio.cpp:337]: Missing sound: por_Retreat_010
[21:28:52][no_game_date][pdx_audio.cpp:337]: Missing sound: por_Retreat_011
[21:28:52][no_game_date][pdx_audio.cpp:337]: Missing sound: por_Retreat_012
[21:28:52][no_game_date][pdx_audio.cpp:337]: Missing sound: por_Retreat_013
[21:28:52][no_game_date][pdx_audio.cpp:337]: Missing sound: por_Retreat_014
[21:28:52][no_game_date][pdx_audio.cpp:337]: Missing sound: por_Retreat_015
[21:28:52][no_game_date][pdx_audio.cpp:337]: Missing sound: por_Retreat_016
[21:28:52][no_game_date][pdx_audio.cpp:337]: Missing sound: por_Retreat_017
[21:28:52][no_game_date][pdx_audio.cpp:337]: Missing sound: por_Retreat_018
[21:28:54][no_game_date][texturehandler.cpp:160]: Texture Handler encountered missing texture file: gfx/interface/goals/NCH/goal_school_for_engeeners.dds
[21:28:54][no_game_date][texturehandler.cpp:216]: Couldn't find texture file: 'gfx/interface/goals/NCH/goal_school_for_engeeners.dds'
[21:28:54][no_game_date][spritetype.cpp:330]: Error initialising texture: gfx/interface/goals/NCH/goal_school_for_engeeners.dds for spritetype GFX_school_for_engeneers_shine
[21:28:55][no_game_date][texturehandler.cpp:160]: Texture Handler encountered missing texture file: gfx/interface/goals/NCH/goal_nch_hart.dds
[21:28:55][no_game_date][texturehandler.cpp:216]: Couldn't find texture file: 'gfx/interface/goals/NCH/goal_nch_hart.dds'
[21:28:55][no_game_date][spritetype.cpp:330]: Error initialising texture: gfx/interface/goals/NCH/goal_nch_hart.dds for spritetype GFX_goal_hart_side_shine
[21:28:55][no_game_date][texturehandler.cpp:160]: Texture Handler encountered missing texture file: gfx/interface/goals/NCH/goal_nch_lorri.dds
[21:28:55][no_game_date][texturehandler.cpp:216]: Couldn't find texture file: 'gfx/interface/goals/NCH/goal_nch_lorri.dds'
[21:28:55][no_game_date][spritetype.cpp:330]: Error initialising texture: gfx/interface/goals/NCH/goal_nch_lorri.dds for spritetype GFX_goal_lorri_side_shine
[21:28:55][no_game_date][pdxassetutil.cpp:1098]: Duplicate texture 'CHN_infantry_diffuse.dds' found (current path 'gfx/models/EAWEntity/ponies/CHN_infantry_diffuse.dds', previous path 'gfx/models/EAWEntity/newponies/CHN_infantry_diffuse.dds')
[21:28:55][no_game_date][pdxassetutil.cpp:1098]: Duplicate texture 'CHN_infantry_normal.dds' found (current path 'gfx/models/EAWEntity/ponies/CHN_infantry_normal.dds', previous path 'gfx/models/EAWEntity/newponies/CHN_infantry_normal.dds')
[21:28:55][no_game_date][pdxassetutil.cpp:1098]: Duplicate texture 'CHN_infantry_spec.dds' found (current path 'gfx/models/EAWEntity/ponies/CHN_infantry_spec.dds', previous path 'gfx/models/EAWEntity/newponies/CHN_infantry_spec.dds')
[21:28:55][no_game_date][pdxassetutil.cpp:1098]: Duplicate texture 'CRY_infantry_diffuse.dds' found (current path 'gfx/models/EAWEntity/ponies/CRY_infantry_diffuse.dds', previous path 'gfx/models/EAWEntity/newponies/CRY_infantry_diffuse.dds')
[21:28:55][no_game_date][pdxassetutil.cpp:1098]: Duplicate texture 'CRY_infantry_normal.dds' found (current path 'gfx/models/EAWEntity/ponies/CRY_infantry_normal.dds', previous path 'gfx/models/EAWEntity/newponies/CRY_infantry_normal.dds')
[21:28:55][no_game_date][pdxassetutil.cpp:1098]: Duplicate texture 'CRY_infantry_spec.dds' found (current path 'gfx/models/EAWEntity/ponies/CRY_infantry_spec.dds', previous path 'gfx/models/EAWEntity/newponies/CRY_infantry_spec.dds')
[21:28:55][no_game_date][pdxassetutil.cpp:1098]: Duplicate texture 'EQS_helmet_diffuse.dds' found (current path 'gfx/models/EAWEntity/newponies/attachments/EQS_helmet_diffuse.dds', previous path 'gfx/models/EAWEntity/newponies/EQS_helmet_diffuse.dds')
[21:28:55][no_game_date][pdxassetutil.cpp:1098]: Duplicate texture 'EQS_infantry_diffuse.dds' found (current path 'gfx/models/EAWEntity/ponies/EQS_infantry_diffuse.dds', previous path 'gfx/models/EAWEntity/newponies/EQS_infantry_diffuse.dds')
[21:28:55][no_game_date][pdxassetutil.cpp:1098]: Duplicate texture 'EQS_infantry_normal.dds' found (current path 'gfx/models/EAWEntity/ponies/EQS_infantry_normal.dds', previous path 'gfx/models/EAWEntity/newponies/EQS_infantry_normal.dds')
[21:28:55][no_game_date][pdxassetutil.cpp:1098]: Duplicate texture 'EQS_infantry_spec.dds' found (current path 'gfx/models/EAWEntity/ponies/EQS_infantry_spec.dds', previous path 'gfx/models/EAWEntity/newponies/EQS_infantry_spec.dds')
[21:28:55][no_game_date][weather.cpp:149]: (map/strategicregions/330-ARC_STRAT_1.txt) Region temperature, min > max
[21:28:55][no_game_date][weather.cpp:149]: (map/strategicregions/330-ARC_STRAT_1.txt) Region temperature, min > max
[21:28:55][no_game_date][weather.cpp:149]: (map/strategicregions/330-ARC_STRAT_1.txt) Region temperature, min > max
[21:28:55][no_game_date][weather.cpp:149]: (map/strategicregions/330-ARC_STRAT_1.txt) Region temperature, min > max
[21:28:55][no_game_date][weather.cpp:149]: (map/strategicregions/331-ARC_STRAT_2.txt) Region temperature, min > max
[21:28:55][no_game_date][weather.cpp:149]: (map/strategicregions/331-ARC_STRAT_2.txt) Region temperature, min > max
[21:28:55][no_game_date][weather.cpp:149]: (map/strategicregions/331-ARC_STRAT_2.txt) Region temperature, min > max
[21:28:55][no_game_date][weather.cpp:149]: (map/strategicregions/331-ARC_STRAT_2.txt) Region temperature, min > max
[21:28:55][no_game_date][weather.cpp:149]: (map/strategicregions/332-ARC_STRAT_3.txt) Region temperature, min > max
[21:28:55][no_game_date][weather.cpp:149]: (map/strategicregions/332-ARC_STRAT_3.txt) Region temperature, min > max
[21:28:55][no_game_date][weather.cpp:149]: (map/strategicregions/332-ARC_STRAT_3.txt) Region temperature, min > max
[21:28:55][no_game_date][weather.cpp:149]: (map/strategicregions/332-ARC_STRAT_3.txt) Region temperature, min > max
[21:28:55][no_game_date][weather.cpp:149]: (map/strategicregions/333-debug_strat.txt) Region temperature, min > max
[21:28:55][no_game_date][weather.cpp:149]: (map/strategicregions/333-debug_strat.txt) Region temperature, min > max
[21:28:55][no_game_date][weather.cpp:149]: (map/strategicregions/333-debug_strat.txt) Region temperature, min > max
[21:28:55][no_game_date][weather.cpp:149]: (map/strategicregions/333-debug_strat.txt) Region temperature, min > max
[21:28:55][no_game_date][weather.cpp:149]: (map/strategicregions/334-west1.txt) Region temperature, min > max
[21:28:55][no_game_date][weather.cpp:149]: (map/strategicregions/334-west1.txt) Region temperature, min > max
[21:28:55][no_game_date][weather.cpp:149]: (map/strategicregions/334-west1.txt) Region temperature, min > max
[21:28:55][no_game_date][weather.cpp:149]: (map/strategicregions/334-west1.txt) Region temperature, min > max
[21:28:56][no_game_date][assetfactory.cpp:876]: Couldn't find parent clone entity ENG_scout_plane_entity, in file "gfx/entities/z_eaw_dlc_units.asset", near line 1025
[21:28:56][no_game_date][assetfactory.cpp:876]: Couldn't find parent clone entity GER_scout_plane_entity, in file "gfx/entities/z_eaw_dlc_units.asset", near line 1030
[21:28:56][no_game_date][assetfactory.cpp:876]: Couldn't find parent clone entity GER_scout_plane_entity, in file "gfx/entities/z_eaw_dlc_units.asset", near line 1034
[21:28:56][no_game_date][assetfactory.cpp:876]: Couldn't find parent clone entity GER_scout_plane_entity, in file "gfx/entities/z_eaw_dlc_units.asset", near line 1038
[21:28:56][no_game_date][assetfactory.cpp:876]: Couldn't find parent clone entity SOV_scout_plane_entity, in file "gfx/entities/z_eaw_dlc_units.asset", near line 1043
[21:28:56][no_game_date][assetfactory.cpp:876]: Couldn't find parent clone entity FRA_scout_plane_entity, in file "gfx/entities/z_eaw_dlc_units.asset", near line 1048
[21:28:56][no_game_date][assetfactory.cpp:876]: Couldn't find parent clone entity FRA_scout_plane_entity, in file "gfx/entities/z_eaw_dlc_units.asset", near line 1052
[21:28:56][no_game_date][assetfactory.cpp:876]: Couldn't find parent clone entity FRA_scout_plane_entity, in file "gfx/entities/z_eaw_dlc_units.asset", near line 1056
[21:28:56][no_game_date][assetfactory.cpp:876]: Couldn't find parent clone entity FRA_scout_plane_entity, in file "gfx/entities/z_eaw_dlc_units.asset", near line 1060
[21:28:56][no_game_date][assetfactory.cpp:876]: Couldn't find parent clone entity FRA_scout_plane_entity, in file "gfx/entities/z_eaw_dlc_units.asset", near line 1064
[21:28:56][no_game_date][assetfactory.cpp:876]: Couldn't find parent clone entity FRA_scout_plane_entity, in file "gfx/entities/z_eaw_dlc_units.asset", near line 1068
[21:28:56][no_game_date][assetfactory.cpp:876]: Couldn't find parent clone entity FRA_scout_plane_entity, in file "gfx/entities/z_eaw_dlc_units.asset", near line 1072
[21:28:56][no_game_date][assetfactory.cpp:876]: Couldn't find parent clone entity ITA_scout_plane_entity, in file "gfx/entities/z_eaw_dlc_units.asset", near line 1077
[21:28:56][no_game_date][assetfactory.cpp:876]: Couldn't find parent clone entity ENG_armored_car_0_entity, in file "gfx/entities/z_eaw_dlc_units.asset", near line 1083
[21:28:56][no_game_date][assetfactory.cpp:876]: Couldn't find parent clone entity ENG_armored_car_1_entity, in file "gfx/entities/z_eaw_dlc_units.asset", near line 1087
[21:28:56][no_game_date][assetfactory.cpp:876]: Couldn't find parent clone entity GER_armored_car_0_entity, in file "gfx/entities/z_eaw_dlc_units.asset", near line 1092
[21:28:56][no_game_date][assetfactory.cpp:876]: Couldn't find parent clone entity GER_armored_car_1_entity, in file "gfx/entities/z_eaw_dlc_units.asset", near line 1096
[21:28:56][no_game_date][assetfactory.cpp:876]: Couldn't find parent clone entity CHN_armored_car_0_entity, in file "gfx/entities/z_eaw_dlc_units.asset", near line 1100
[21:28:56][no_game_date][assetfactory.cpp:876]: Couldn't find parent clone entity CHN_armored_car_1_entity, in file "gfx/entities/z_eaw_dlc_units.asset", near line 1104
[21:28:56][no_game_date][assetfactory.cpp:876]: Couldn't find parent clone entity CHN_armored_car_0_entity, in file "gfx/entities/z_eaw_dlc_units.asset", near line 1108
[21:28:56][no_game_date][assetfactory.cpp:876]: Couldn't find parent clone entity CHN_armored_car_1_entity, in file "gfx/entities/z_eaw_dlc_units.asset", near line 1112
[21:28:56][no_game_date][assetfactory.cpp:876]: Couldn't find parent clone entity SOV_armored_car_0_entity, in file "gfx/entities/z_eaw_dlc_units.asset", near line 1117
[21:28:56][no_game_date][assetfactory.cpp:876]: Couldn't find parent clone entity SOV_armored_car_1_entity, in file "gfx/entities/z_eaw_dlc_units.asset", near line 1121
[21:28:56][no_game_date][assetfactory.cpp:876]: Couldn't find parent clone entity FRA_armored_car_0_entity, in file "gfx/entities/z_eaw_dlc_units.asset", near line 1126
[21:28:56][no_game_date][assetfactory.cpp:876]: Couldn't find parent clone entity FRA_armored_car_1_entity, in file "gfx/entities/z_eaw_dlc_units.asset", near line 1130
[21:28:56][no_game_date][assetfactory.cpp:876]: Couldn't find parent clone entity FRA_armored_car_0_entity, in file "gfx/entities/z_eaw_dlc_units.asset", near line 1134
[21:28:56][no_game_date][assetfactory.cpp:876]: Couldn't find parent clone entity FRA_armored_car_1_entity, in file "gfx/entities/z_eaw_dlc_units.asset", near line 1138
[21:28:56][no_game_date][assetfactory.cpp:876]: Couldn't find parent clone entity FRA_armored_car_0_entity, in file "gfx/entities/z_eaw_dlc_units.asset", near line 1142
[21:28:56][no_game_date][assetfactory.cpp:876]: Couldn't find parent clone entity FRA_armored_car_1_entity, in file "gfx/entities/z_eaw_dlc_units.asset", near line 1146
[21:28:56][no_game_date][assetfactory.cpp:876]: Couldn't find parent clone entity FRA_armored_car_0_entity, in file "gfx/entities/z_eaw_dlc_units.asset", near line 1150
[21:28:56][no_game_date][assetfactory.cpp:876]: Couldn't find parent clone entity FRA_armored_car_1_entity, in file "gfx/entities/z_eaw_dlc_units.asset", near line 1154
[21:28:56][no_game_date][assetfactory.cpp:876]: Couldn't find parent clone entity FRA_armored_car_0_entity, in file "gfx/entities/z_eaw_dlc_units.asset", near line 1158
[21:28:56][no_game_date][assetfactory.cpp:876]: Couldn't find parent clone entity FRA_armored_car_1_entity, in file "gfx/entities/z_eaw_dlc_units.asset", near line 1162
[21:28:56][no_game_date][assetfactory.cpp:876]: Couldn't find parent clone entity FRA_armored_car_0_entity, in file "gfx/entities/z_eaw_dlc_units.asset", near line 1166
[21:28:56][no_game_date][assetfactory.cpp:876]: Couldn't find parent clone entity FRA_armored_car_1_entity, in file "gfx/entities/z_eaw_dlc_units.asset", near line 1170
[21:28:56][no_game_date][assetfactory.cpp:876]: Couldn't find parent clone entity FRA_armored_car_0_entity, in file "gfx/entities/z_eaw_dlc_units.asset", near line 1174
[21:28:56][no_game_date][assetfactory.cpp:876]: Couldn't find parent clone entity FRA_armored_car_1_entity, in file "gfx/entities/z_eaw_dlc_units.asset", near line 1178
[21:28:56][no_game_date][assetfactory.cpp:876]: Couldn't find parent clone entity ITA_armored_car_0_entity, in file "gfx/entities/z_eaw_dlc_units.asset", near line 1183
[21:28:56][no_game_date][assetfactory.cpp:876]: Couldn't find parent clone entity ITA_armored_car_1_entity, in file "gfx/entities/z_eaw_dlc_units.asset", near line 1187
[21:28:56][no_game_date][character_template_database.cpp:242]: Multiple character have the tag AWN_leader
[21:28:57][no_game_date][persistent.cpp:66]: Error: "Unknown modifier: construction_speed_factor, near line: 3" in file: "common/modifiers/NCH_new_modifier.txt" near line: 3
[21:28:57][no_game_date][persistent.cpp:66]: Error: "Unexpected token: naval_supremacy_factor, near line: 139" in file: "common/units/equipment/ship_hull_heavy.txt" near line: 139
[21:28:57][no_game_date][equipment_database.cpp:604]: Multiple convoy types are not supported.
[21:28:57][no_game_date][buildingtemplate.cpp:325]: common/buildings/00_buildings.txt:217 MODIFIER_DIG_IN_SPEED_FACTOR is not state modifier!
[21:28:57][no_game_date][buildingtemplate.cpp:325]: common/buildings/00_buildings.txt:217 MODIFIER_MAX_DIG_IN_FACTOR is not state modifier!
[21:28:57][no_game_date][persistent.cpp:66]: Error: "Unexpected token: export_bonus, near line: 21" in file: "common/opinion_modifiers/NCH_opinion_modifiers.txt" near line: 21
[21:28:57][no_game_date][trigger.cpp:700]: Invalid trigger 'allways' in common/military_industrial_organization/organizations/NCH_organization.txt line : 17
[21:28:57][no_game_date][trigger.cpp:568]: Error: "Unknown trigger-type: allways, near line: 17" in file: "common/military_industrial_organization/organizations/NCH_organization.txt" near line: 18
[21:29:00][no_game_date][equipment_graphic_database.cpp:38]: GFX referenced in equipment graphic database does not exist: "GFX_JAP_scout_plane2_medium", associated with LCT medium_plane_airframe
[21:29:00][no_game_date][equipment_graphic_database.cpp:38]: GFX referenced in equipment graphic database does not exist: "GFX_JAP_scout_plane1_medium", associated with LCT medium_plane_airframe
[21:29:00][no_game_date][equipment_graphic_database.cpp:38]: GFX referenced in equipment graphic database does not exist: "GFX_POR_naval_bomber3_medium", associated with MCW cv_small_plane_airframe
[21:29:00][no_game_date][equipment_graphic_database.cpp:38]: GFX referenced in equipment graphic database does not exist: "GFX_POR_CAS3_medium", associated with MCW cv_small_plane_airframe
[21:29:00][no_game_date][equipment_graphic_database.cpp:38]: GFX referenced in equipment graphic database does not exist: "GFX_POR_fighter3_medium", associated with MCW cv_small_plane_airframe
[21:29:00][no_game_date][equipment_graphic_database.cpp:38]: GFX referenced in equipment graphic database does not exist: "GFX_POR_fighter2_medium", associated with MCW cv_small_plane_airframe
[21:29:00][no_game_date][equipment_graphic_database.cpp:38]: GFX referenced in equipment graphic database does not exist: "GFX_POR_CAS2_medium", associated with MCW cv_small_plane_airframe
[21:29:00][no_game_date][equipment_graphic_database.cpp:38]: GFX referenced in equipment graphic database does not exist: "GFX_POR_naval_bomber2_medium", associated with MCW cv_small_plane_airframe
[21:29:00][no_game_date][equipment_graphic_database.cpp:38]: GFX referenced in equipment graphic database does not exist: "GFX_POR_naval_bomber1_medium", associated with MCW cv_small_plane_airframe
[21:29:00][no_game_date][equipment_graphic_database.cpp:38]: GFX referenced in equipment graphic database does not exist: "GFX_POR_CAS1_medium", associated with MCW cv_small_plane_airframe
[21:29:00][no_game_date][equipment_graphic_database.cpp:38]: GFX referenced in equipment graphic database does not exist: "GFX_POR_fighter1_medium", associated with MCW cv_small_plane_airframe
[21:29:00][no_game_date][equipment_graphic_database.cpp:38]: GFX referenced in equipment graphic database does not exist: "GFX_POR_early_fighter_medium", associated with MCW cv_small_plane_airframe
[21:29:00][no_game_date][equipment_graphic_database.cpp:38]: GFX referenced in equipment graphic database does not exist: "GFX_POR_heavy_fighter3_medium", associated with MCW medium_plane_airframe
[21:29:00][no_game_date][equipment_graphic_database.cpp:38]: GFX referenced in equipment graphic database does not exist: "GFX_POR_tactical_bomber3_medium", associated with MCW medium_plane_airframe
[21:29:00][no_game_date][equipment_graphic_database.cpp:38]: GFX referenced in equipment graphic database does not exist: "GFX_POR_heavy_fighter2_medium", associated with MCW medium_plane_airframe
[21:29:00][no_game_date][equipment_graphic_database.cpp:38]: GFX referenced in equipment graphic database does not exist: "GFX_POR_tactical_bomber2_medium", associated with MCW medium_plane_airframe
[21:29:00][no_game_date][equipment_graphic_database.cpp:38]: GFX referenced in equipment graphic database does not exist: "GFX_POR_heavy_fighter1_medium", associated with MCW medium_plane_airframe
[21:29:00][no_game_date][equipment_graphic_database.cpp:38]: GFX referenced in equipment graphic database does not exist: "GFX_POR_tactical_bomber1_medium", associated with MCW medium_plane_airframe
[21:29:00][no_game_date][equipment_graphic_database.cpp:38]: GFX referenced in equipment graphic database does not exist: "GFX_POR_early_bomber_medium", associated with MCW medium_plane_airframe
[21:29:00][no_game_date][persistent.cpp:66]: Error: "Error reading division names group - Garda Homeland, division_types has unknown token: special_forces: }, near line: 62" in file: "common/units/names_divisions/NCH_redux_names_divisions.txt" near line: 62
[21:29:01][no_game_date][technologytemplate.cpp:791]: Technology "elite_forces" has two more outgoing xor paths in folder "infantry_folder", only the first will be shown as XOR in the tree
[21:29:01][no_game_date][persistent.cpp:66]: Error: "Unknown modifier: resource_gain_efficiency, near line: 16" in file: "common/ideas/sub_NCH_ideas.txt" near line: 16
[21:29:01][no_game_date][persistent.cpp:66]: Error: "Unknown modifier: resource_gain_efficiency, near line: 60" in file: "common/ideas/sub_NCH_ideas.txt" near line: 60
[21:29:01][no_game_date][persistent.cpp:66]: Error: "trade_opinion_factor specified multiple time, last value will be used: -0.25, near line: 64" in file: "common/ideas/sub_NCH_ideas.txt" near line: 64
[21:29:01][no_game_date][persistent.cpp:66]: Error: "Unknown modifier: resource_gain_efficiency, near line: 232" in file: "common/ideas/sub_NCH_ideas.txt" near line: 232
[21:29:01][no_game_date][persistent.cpp:66]: Error: "Unknown modifier: local_manpower_factor, near line: 249" in file: "common/ideas/sub_NCH_ideas.txt" near line: 249
[21:29:01][no_game_date][persistent.cpp:66]: Error: "Unknown modifier: resource_gain_efficiency, near line: 305" in file: "common/ideas/sub_NCH_ideas.txt" near line: 305
[21:29:01][no_game_date][persistent.cpp:66]: Error: "Unknown modifier: production_cost_max_ship_hull_fleet_submarine, near line: 359" in file: "common/ideas/sub_NCH_ideas.txt" near line: 359
[21:29:01][no_game_date][persistent.cpp:66]: Error: "Unknown modifier: production_cost_max_destroyer, near line: 360" in file: "common/ideas/sub_NCH_ideas.txt" near line: 360
[21:29:01][no_game_date][persistent.cpp:66]: Error: "Unknown modifier: construction_speed_factor, near line: 837" in file: "common/ideas/sub_NCH_ideas.txt" near line: 837
[21:29:01][no_game_date][persistent.cpp:66]: Error: "Unknown modifier: random_owned_state, near line: 1021" in file: "common/ideas/sub_NCH_ideas.txt" near line: 1026
[21:29:01][no_game_date][persistent.cpp:66]: Error: "Unknown modifier: build_cost_ic, near line: 1221" in file: "common/ideas/sub_NCH_ideas.txt" near line: 1221
[21:29:01][no_game_date][persistent.cpp:66]: Error: "Unknown modifier: foreign_subversive_activities, near line: 1248" in file: "common/ideas/sub_NCH_ideas.txt" near line: 1248
[21:29:01][no_game_date][persistent.cpp:66]: Error: "Unknown modifier: ideology_attack, near line: 1249" in file: "common/ideas/sub_NCH_ideas.txt" near line: 1249
[21:29:01][no_game_date][persistent.cpp:66]: Error: "Unknown modifier: research_speed, near line: 1251" in file: "common/ideas/sub_NCH_ideas.txt" near line: 1251
[21:29:01][no_game_date][persistent.cpp:66]: Error: "Unknown modifier: air_equipment_research_speed, near line: 1405" in file: "common/ideas/sub_NCH_ideas.txt" near line: 1405
[21:29:01][no_game_date][persistent.cpp:66]: Error: "Unknown modifier: license_air_equipment_purchase_cost, near line: 1410" in file: "common/ideas/sub_NCH_ideas.txt" near line: 1410
[21:29:01][no_game_date][persistent.cpp:66]: Error: "Unknown modifier: production_cost_max_ship_hull_fleet_submarine, near line: 1505" in file: "common/ideas/sub_NCH_ideas.txt" near line: 1505
[21:29:01][no_game_date][persistent.cpp:66]: Error: "Unknown modifier: production_cost_max_destroyer, near line: 1506" in file: "common/ideas/sub_NCH_ideas.txt" near line: 1506
[21:29:01][no_game_date][common/ideas/sub_NCH_ideas.txt:1616]: Value does not belong to designated Script EnumType: heavy_cruiser not in script_enum_equipment_bonus_type
[21:29:01][no_game_date][persistent.cpp:66]: Error: "Unknown modifier: land_organization, near line: 1829" in file: "common/ideas/sub_NCH_ideas.txt" near line: 1829
[21:29:01][no_game_date][persistent.cpp:66]: Error: "Unknown modifier: division_recovery_rate, near line: 1830" in file: "common/ideas/sub_NCH_ideas.txt" near line: 1830
[21:29:01][no_game_date][idea.cpp:1713]: Duplicate idea. NCH_FBK_pact is a duplicate.
[21:29:01][no_game_date][idea.cpp:1713]: Duplicate idea. NCH_submarine_buff_idea is a duplicate.
[21:29:01][no_game_date][texturehandler.cpp:160]: Texture Handler encountered missing texture file: gfx/leaders/NCH/AWN_leader.tga
[21:29:01][no_game_date][texturehandler.cpp:216]: Couldn't find texture file: 'gfx/leaders/NCH/AWN_leader.tga'
[21:29:03][no_game_date][persistent.cpp:66]: Error: "Unknown modifier: power_of_balance_weakly, near line: 68" in file: "common/country_leader/NCH_traits.txt" near line: 68
[21:29:03][no_game_date][persistent.cpp:66]: Error: "Unknown modifier: stability, near line: 74" in file: "common/country_leader/NCH_traits.txt" near line: 74
[21:29:03][no_game_date][persistent.cpp:66]: Error: "Unknown modifier: resistance_growth_bonus, near line: 78" in file: "common/country_leader/NCH_traits.txt" near line: 78
[21:29:03][no_game_date][persistent.cpp:66]: Error: "Unknown modifier: attack, near line: 7" in file: "common/country_leader/REB_traits.txt" near line: 7
[21:29:03][no_game_date][decision.cpp:4511]: Duplicate category. prospect_for_resources is a duplicate.
[21:29:03][no_game_date][trigger.cpp:700]: Invalid trigger 'all_original_cores_owned_by_ROOT' in common/decisions/GRI_decisions.txt line : 236
[21:29:03][no_game_date][trigger.cpp:568]: Error: "Unknown trigger-type: all_original_cores_owned_by_ROOT, near line: 236" in file: "common/decisions/GRI_decisions.txt" near line: 237
[21:29:03][no_game_date][trigger.cpp:700]: Invalid trigger 'all_original_cores_owned_by_ROOT' in common/decisions/GRI_decisions.txt line : 545
[21:29:03][no_game_date][trigger.cpp:568]: Error: "Unknown trigger-type: all_original_cores_owned_by_ROOT, near line: 545" in file: "common/decisions/GRI_decisions.txt" near line: 546
[21:29:03][no_game_date][trigger.cpp:700]: Invalid trigger 'all_original_cores_owned_by_ROOT' in common/decisions/GRI_decisions.txt line : 548
[21:29:03][no_game_date][trigger.cpp:568]: Error: "Unknown trigger-type: all_original_cores_owned_by_ROOT, near line: 548" in file: "common/decisions/GRI_decisions.txt" near line: 549
[21:29:03][no_game_date][trigger.cpp:700]: Invalid trigger 'all_original_cores_owned_by_ROOT' in common/decisions/GRI_decisions.txt line : 551
[21:29:03][no_game_date][trigger.cpp:568]: Error: "Unknown trigger-type: all_original_cores_owned_by_ROOT, near line: 551" in file: "common/decisions/GRI_decisions.txt" near line: 552
[21:29:03][no_game_date][trigger.cpp:700]: Invalid trigger 'all_original_cores_owned_by_ROOT' in common/decisions/GRI_decisions.txt line : 723
[21:29:03][no_game_date][trigger.cpp:568]: Error: "Unknown trigger-type: all_original_cores_owned_by_ROOT, near line: 723" in file: "common/decisions/GRI_decisions.txt" near line: 724
[21:29:03][no_game_date][trigger.cpp:700]: Invalid trigger 'all_original_cores_owned_by_ROOT' in common/decisions/GRI_decisions.txt line : 727
[21:29:03][no_game_date][trigger.cpp:568]: Error: "Unknown trigger-type: all_original_cores_owned_by_ROOT, near line: 727" in file: "common/decisions/GRI_decisions.txt" near line: 728
[21:29:03][no_game_date][trigger.cpp:700]: Invalid trigger 'all_original_cores_owned_by_ROOT' in common/decisions/GRI_decisions.txt line : 730
[21:29:03][no_game_date][trigger.cpp:568]: Error: "Unknown trigger-type: all_original_cores_owned_by_ROOT, near line: 730" in file: "common/decisions/GRI_decisions.txt" near line: 731
[21:29:03][no_game_date][trigger.cpp:700]: Invalid trigger 'all_original_cores_owned_by_ROOT' in common/decisions/GRI_decisions.txt line : 733
[21:29:03][no_game_date][trigger.cpp:568]: Error: "Unknown trigger-type: all_original_cores_owned_by_ROOT, near line: 733" in file: "common/decisions/GRI_decisions.txt" near line: 734
[21:29:03][no_game_date][trigger.cpp:700]: Invalid trigger 'all_original_cores_owned_by_ROOT' in common/decisions/GRI_decisions.txt line : 736
[21:29:03][no_game_date][trigger.cpp:568]: Error: "Unknown trigger-type: all_original_cores_owned_by_ROOT, near line: 736" in file: "common/decisions/GRI_decisions.txt" near line: 737
[21:29:03][no_game_date][trigger.cpp:700]: Invalid trigger 'all_original_cores_owned_by_ROOT' in common/decisions/GRI_decisions.txt line : 739
[21:29:03][no_game_date][trigger.cpp:568]: Error: "Unknown trigger-type: all_original_cores_owned_by_ROOT, near line: 739" in file: "common/decisions/GRI_decisions.txt" near line: 740
[21:29:03][no_game_date][trigger.cpp:700]: Invalid trigger 'all_original_cores_owned_by_ROOT' in common/decisions/GRI_decisions.txt line : 742
[21:29:03][no_game_date][trigger.cpp:568]: Error: "Unknown trigger-type: all_original_cores_owned_by_ROOT, near line: 742" in file: "common/decisions/GRI_decisions.txt" near line: 743
[21:29:03][no_game_date][trigger.cpp:700]: Invalid trigger 'all_original_cores_owned_by_ROOT' in common/decisions/GRI_decisions.txt line : 745
[21:29:03][no_game_date][trigger.cpp:568]: Error: "Unknown trigger-type: all_original_cores_owned_by_ROOT, near line: 745" in file: "common/decisions/GRI_decisions.txt" near line: 746
[21:29:03][no_game_date][effect.cpp:433]: Invalid scope type for effect swap_ruler_traits in common/decisions/NCH_decisions.txt line : 86
[21:29:03][no_game_date][effect.cpp:356]: Error: "swap_ruler_traits effect: Invalid trait for add: steel_lady, near line: 88" in file: "common/decisions/NCH_decisions.txt" near line: 90
[21:29:03][no_game_date][effect.cpp:433]: Invalid scope type for effect swap_ruler_traits in common/decisions/NCH_decisions.txt line : 98
[21:29:03][no_game_date][effect.cpp:356]: Error: "swap_ruler_traits effect: Invalid trait for add: steel_lady, near line: 100" in file: "common/decisions/NCH_decisions.txt" near line: 102
[21:29:03][no_game_date][trigger.cpp:700]: Invalid trigger 'owner' in common/decisions/NCH_decisions.txt line : 111
[21:29:03][no_game_date][trigger.cpp:568]: Error: "Unknown trigger-type: owner, near line: 111" in file: "common/decisions/NCH_decisions.txt" near line: 112
[21:29:03][no_game_date][trigger.cpp:700]: Invalid trigger 'owner' in common/decisions/NCH_decisions.txt line : 117
[21:29:03][no_game_date][trigger.cpp:568]: Error: "Unknown trigger-type: owner, near line: 117" in file: "common/decisions/NCH_decisions.txt" near line: 118
[21:29:03][no_game_date][trigger.cpp:700]: Invalid trigger 'owner' in common/decisions/NCH_decisions.txt line : 123
[21:29:03][no_game_date][trigger.cpp:568]: Error: "Unknown trigger-type: owner, near line: 123" in file: "common/decisions/NCH_decisions.txt" near line: 124
[21:29:03][no_game_date][trigger.cpp:700]: Invalid trigger 'owner' in common/decisions/NCH_decisions.txt line : 129
[21:29:03][no_game_date][trigger.cpp:568]: Error: "Unknown trigger-type: owner, near line: 129" in file: "common/decisions/NCH_decisions.txt" near line: 130
[21:29:03][no_game_date][trigger.cpp:700]: Invalid trigger 'owner' in common/decisions/NCH_decisions.txt line : 135
[21:29:03][no_game_date][trigger.cpp:568]: Error: "Unknown trigger-type: owner, near line: 135" in file: "common/decisions/NCH_decisions.txt" near line: 136
[21:29:03][no_game_date][trigger.cpp:700]: Invalid trigger 'owner' in common/decisions/NCH_decisions.txt line : 141
[21:29:03][no_game_date][trigger.cpp:568]: Error: "Unknown trigger-type: owner, near line: 141" in file: "common/decisions/NCH_decisions.txt" near line: 142
[21:29:03][no_game_date][trigger.cpp:700]: Invalid trigger 'owner' in common/decisions/NCH_decisions.txt line : 147
[21:29:03][no_game_date][trigger.cpp:568]: Error: "Unknown trigger-type: owner, near line: 147" in file: "common/decisions/NCH_decisions.txt" near line: 148
[21:29:03][no_game_date][trigger.cpp:700]: Invalid trigger 'owner' in common/decisions/NCH_decisions.txt line : 153
[21:29:03][no_game_date][trigger.cpp:568]: Error: "Unknown trigger-type: owner, near line: 153" in file: "common/decisions/NCH_decisions.txt" near line: 154
[21:29:03][no_game_date][trigger.cpp:700]: Invalid trigger 'owner' in common/decisions/NCH_decisions.txt line : 159
[21:29:03][no_game_date][trigger.cpp:568]: Error: "Unknown trigger-type: owner, near line: 159" in file: "common/decisions/NCH_decisions.txt" near line: 160
[21:29:03][no_game_date][trigger.cpp:700]: Invalid trigger 'owner' in common/decisions/NCH_decisions.txt line : 165
[21:29:03][no_game_date][trigger.cpp:568]: Error: "Unknown trigger-type: owner, near line: 165" in file: "common/decisions/NCH_decisions.txt" near line: 166
[21:29:03][no_game_date][trigger.cpp:700]: Invalid trigger 'owner' in common/decisions/NCH_decisions.txt line : 171
[21:29:03][no_game_date][trigger.cpp:568]: Error: "Unknown trigger-type: owner, near line: 171" in file: "common/decisions/NCH_decisions.txt" near line: 172
[21:29:03][no_game_date][trigger.cpp:700]: Invalid trigger 'owner' in common/decisions/NCH_decisions.txt line : 966
[21:29:03][no_game_date][trigger.cpp:568]: Error: "Unknown trigger-type: owner, near line: 966" in file: "common/decisions/NCH_decisions.txt" near line: 967
[21:29:03][no_game_date][effect.cpp:433]: Invalid scope type for effect swap_ruler_traits in common/decisions/NCH_decisions.txt line : 1038
[21:29:03][no_game_date][effect.cpp:356]: Error: "swap_ruler_traits effect: Invalid trait for add: steel_lady, near line: 1040" in file: "common/decisions/NCH_decisions.txt" near line: 1042
[21:29:03][no_game_date][effect.cpp:433]: Invalid scope type for effect swap_ruler_traits in common/decisions/NCH_decisions.txt line : 1050
[21:29:03][no_game_date][effect.cpp:356]: Error: "swap_ruler_traits effect: Invalid trait for add: steel_lady, near line: 1052" in file: "common/decisions/NCH_decisions.txt" near line: 1054
[21:29:03][no_game_date][effect.cpp:433]: Invalid scope type for effect swap_ruler_traits in common/decisions/NCH_decisions.txt line : 1242
[21:29:03][no_game_date][effect.cpp:356]: Error: "swap_ruler_traits effect: Invalid trait for add: steel_lady, near line: 1244" in file: "common/decisions/NCH_decisions.txt" near line: 1246
[21:29:03][no_game_date][effect.cpp:433]: Invalid scope type for effect swap_ruler_traits in common/decisions/NCH_decisions.txt line : 1254
[21:29:03][no_game_date][effect.cpp:356]: Error: "swap_ruler_traits effect: Invalid trait for add: steel_lady, near line: 1256" in file: "common/decisions/NCH_decisions.txt" near line: 1258
[21:29:03][no_game_date][effect.cpp:443]: Invalid effect 'limit' in common/decisions/NCH_decisions.txt line : 2074
[21:29:03][no_game_date][persistent.cpp:66]: Error: "Unknown effect-type: limit, near line: 2074" in file: "common/decisions/NCH_decisions.txt" near line: 2111
[21:29:03][no_game_date][effect.cpp:443]: Invalid effect 'not' in common/decisions/NCH_decisions.txt line : 2215
[21:29:03][no_game_date][effect.cpp:356]: Error: "Unknown effect-type: not, near line: 2215" in file: "common/decisions/NCH_decisions.txt" near line: 2222
[21:29:03][no_game_date][persistent.cpp:66]: Error: "Unexpected token: mission_timeout, near line: 2337" in file: "common/decisions/NCH_decisions.txt" near line: 2337
[21:29:03][no_game_date][effect.cpp:433]: Invalid scope type for effect add_state_modifier in common/decisions/NCH_decisions.txt line : 2360
[21:29:03][no_game_date][persistent.cpp:66]: Error: "Token has_country_flag is not supported within the allowed trigger: }, near line: 2663" in file: "common/decisions/NCH_decisions.txt" near line: 2663
[21:29:03][no_game_date][persistent.cpp:66]: Error: "Token has_country_flag is not supported within the allowed trigger: }, near line: 2696" in file: "common/decisions/NCH_decisions.txt" near line: 2696
[21:29:03][no_game_date][persistent.cpp:66]: Error: "Token has_country_flag is not supported within the allowed trigger: }, near line: 2728" in file: "common/decisions/NCH_decisions.txt" near line: 2728
[21:29:03][no_game_date][persistent.cpp:66]: Error: "Token has_country_flag is not supported within the allowed trigger: }, near line: 2761" in file: "common/decisions/NCH_decisions.txt" near line: 2761
[21:29:03][no_game_date][persistent.cpp:66]: Error: "Token has_country_flag is not supported within the allowed trigger: }, near line: 2794" in file: "common/decisions/NCH_decisions.txt" near line: 2794
[21:29:03][no_game_date][persistent.cpp:66]: Error: "Token has_country_flag is not supported within the allowed trigger: }, near line: 2827" in file: "common/decisions/NCH_decisions.txt" near line: 2827
[21:29:03][no_game_date][persistent.cpp:66]: Error: "Token has_country_flag is not supported within the allowed trigger: }, near line: 2860" in file: "common/decisions/NCH_decisions.txt" near line: 2860
[21:29:03][no_game_date][persistent.cpp:66]: Error: "Token has_country_flag is not supported within the allowed trigger: }, near line: 2893" in file: "common/decisions/NCH_decisions.txt" near line: 2893
[21:29:03][no_game_date][effect.cpp:433]: Invalid scope type for effect set_country_flag in common/decisions/resource_prospecting_NCH.txt line : 163
[21:29:03][no_game_date][effect.cpp:433]: Invalid scope type for effect set_country_flag in common/decisions/resource_prospecting_NCH.txt line : 210
[21:29:03][no_game_date][effect.cpp:433]: Invalid scope type for effect set_country_flag in common/decisions/resource_prospecting_NCH.txt line : 256
[21:29:03][no_game_date][decision.cpp:4493]: Duplicate decision. develop_baltimare_aluminium is a duplicate.
[21:29:03][no_game_date][decision.cpp:4493]: Duplicate decision. develop_apple_groove_mines is a duplicate.
[21:29:03][no_game_date][decision.cpp:4493]: Duplicate decision. develop_freeside_steel_factories is a duplicate.
[21:29:03][no_game_date][decision.cpp:4493]: Duplicate decision. develop_ghastly_gorge_crystals is a duplicate.
[21:29:03][no_game_date][decision.cpp:4493]: Duplicate decision. develop_welcoming_hills_tungsten_deposits is a duplicate.
[21:29:03][no_game_date][decision.cpp:4493]: Duplicate decision. neighgara_falls_crystals_develop is a duplicate.
[21:29:03][no_game_date][decision.cpp:4493]: Duplicate decision. some_magical_plateu_oil is a duplicate.
[21:29:03][no_game_date][decision.cpp:4493]: Duplicate decision. deeper_into_crystal_mountains is a duplicate.
[21:29:03][no_game_date][decision.cpp:4493]: Duplicate decision. deeper_into_crystal_mountains_2 is a duplicate.
[21:29:03][no_game_date][decision.cpp:4493]: Duplicate decision. deeper_into_crystal_mountains_3 is a duplicate.
[21:29:03][no_game_date][decision.cpp:4493]: Duplicate decision. upper_unicorn_range_chromium is a duplicate.
[21:29:03][no_game_date][decision.cpp:4493]: Duplicate decision. bogg_toxic_marsh_oil is a duplicate.
[21:29:03][no_game_date][decision.cpp:4493]: Duplicate decision. bogg_toxic_marsh_rubber is a duplicate.
[21:29:03][no_game_date][decision.cpp:4493]: Duplicate decision. haysead_marsh_rubber is a duplicate.
[21:29:03][no_game_date][decision.cpp:4493]: Duplicate decision. haysead_marsh_rubber_2 is a duplicate.
[21:29:03][no_game_date][decision.cpp:4493]: Duplicate decision. albion_aluminium_aircraft is a duplicate.
[21:29:03][no_game_date][decision.cpp:4493]: Duplicate decision. falcontown_oil_well is a duplicate.
[21:29:03][no_game_date][decision.cpp:4493]: Duplicate decision. falcontown_oil_well_2 is a duplicate.
[21:29:03][no_game_date][decision.cpp:4493]: Duplicate decision. crystal_peaks is a duplicate.
[21:29:03][no_game_date][decision.cpp:4493]: Duplicate decision. beak_mine_expansion is a duplicate.
[21:29:03][no_game_date][decision.cpp:4493]: Duplicate decision. jem_mines is a duplicate.
[21:29:03][no_game_date][decision.cpp:4493]: Duplicate decision. tainaholm_aluminium is a duplicate.
[21:29:03][no_game_date][decision.cpp:4493]: Duplicate decision. develop_celestia_rubber_plantations is a duplicate.
[21:29:03][no_game_date][decision.cpp:4493]: Duplicate decision. develop_northern_cross_tungsten_deposits_1 is a duplicate.
[21:29:03][no_game_date][decision.cpp:4493]: Duplicate decision. develop_northern_cross_tungsten_deposits_2 is a duplicate.
[21:29:03][no_game_date][decision.cpp:4493]: Duplicate decision. develop_karthin_oil_fields is a duplicate.
[21:29:03][no_game_date][decision.cpp:4493]: Duplicate decision. develop_bloodtalon_rubber_plantations is a duplicate.
[21:29:03][no_game_date][decision.cpp:4493]: Duplicate decision. develop_warthog_forest_rubber_plantations is a duplicate.
[21:29:03][no_game_date][decision.cpp:4493]: Duplicate decision. develop_griffinstone_crystal_mines is a duplicate.
[21:29:03][no_game_date][decision.cpp:4493]: Duplicate decision. develop_griffinstone_crystal_mines2 is a duplicate.
[21:29:03][no_game_date][decision.cpp:4493]: Duplicate decision. kivessin_steel is a duplicate.
[21:29:03][no_game_date][decision.cpp:4493]: Duplicate decision. develop_ochme_tungsten_deposits_1 is a duplicate.
[21:29:03][no_game_date][decision.cpp:4493]: Duplicate decision. develop_ochme_tungsten_deposits_2 is a duplicate.
[21:29:03][no_game_date][decision.cpp:4493]: Duplicate decision. develop_bonedrift_steel_deposits is a duplicate.
[21:29:03][no_game_date][decision.cpp:4493]: Duplicate decision. develop_stormwingia_chromium_deposits is a duplicate.
[21:29:03][no_game_date][decision.cpp:4493]: Duplicate decision. develop_desponia_oil_fields is a duplicate.
[21:29:03][no_game_date][decision.cpp:4493]: Duplicate decision. vesalipolis_rubber_production is a duplicate.
[21:29:03][no_game_date][decision.cpp:4493]: Duplicate decision. svarm_oil_company is a duplicate.
[21:29:03][no_game_date][decision.cpp:4493]: Duplicate decision. vyzima_rubber_company is a duplicate.
[21:29:03][no_game_date][decision.cpp:4493]: Duplicate decision. crownspike_oil_fields is a duplicate.
[21:29:03][no_game_date][decision.cpp:4493]: Duplicate decision. develop_osnabeak_oil_fields is a duplicate.
[21:29:03][no_game_date][decision.cpp:4493]: Duplicate decision. develop_osnabeak_oil_fields2 is a duplicate.
[21:29:03][no_game_date][decision.cpp:4493]: Duplicate decision. develop_dwarftail_iron_ore_deposits is a duplicate.
[21:29:03][no_game_date][decision.cpp:4493]: Duplicate decision. develop_dwarftail_chromium_deposits_1 is a duplicate.
[21:29:03][no_game_date][decision.cpp:4493]: Duplicate decision. develop_dwarftail_chromium_deposits_2 is a duplicate.
[21:29:03][no_game_date][decision.cpp:4493]: Duplicate decision. develop_dwarftail_chromium_deposits_3 is a duplicate.
[21:29:03][no_game_date][decision.cpp:4493]: Duplicate decision. LCT_exploit_plains_kaiv_598 is a duplicate.
[21:29:03][no_game_date][decision.cpp:4493]: Duplicate decision. LCT_exploit_plains_nicage_612 is a duplicate.
[21:29:03][no_game_date][decision.cpp:4493]: Duplicate decision. LCT_exploit_plains_cessabit_607 is a duplicate.
[21:29:03][no_game_date][decision.cpp:4493]: Duplicate decision. canterlot_crystal_mines is a duplicate.
[21:29:03][no_game_date][decision.cpp:4493]: Duplicate decision. canterlot_crystal_mines_2 is a duplicate.
[21:29:03][no_game_date][decision.cpp:4493]: Duplicate decision. canterlot_crystal_mines_3 is a duplicate.
[21:29:03][no_game_date][decision.cpp:4493]: Duplicate decision. develop_aurez_hills_tungsten_deposits is a duplicate.
[21:29:03][no_game_date][decision.cpp:4493]: Duplicate decision. furry_mountains_chromium_excavation is a duplicate.
[21:29:03][no_game_date][decision.cpp:4493]: Duplicate decision. further_coldmouth_tungsten is a duplicate.
[21:29:03][no_game_date][decision.cpp:4493]: Duplicate decision. moonrise_crystal_dowsing is a duplicate.
[21:29:03][no_game_date][decision.cpp:4493]: Duplicate decision. mathair_oil_drilling is a duplicate.
[21:29:03][no_game_date][decision.cpp:4493]: Duplicate decision. dimpeak_tungsten_mines is a duplicate.
[21:29:03][no_game_date][decision.cpp:4493]: Duplicate decision. arrowpeaks_steel_excavation is a duplicate.
[21:29:04][no_game_date][decision.cpp:4493]: Duplicate decision. starclaw_steel_refining is a duplicate.
[21:29:04][no_game_date][decision.cpp:4493]: Duplicate decision. expand_karthin_aluminum is a duplicate.
[21:29:04][no_game_date][decision.cpp:4493]: Duplicate decision. little_griff_mountain_steel is a duplicate.
[21:29:04][no_game_date][decision.cpp:4493]: Duplicate decision. windford_iron is a duplicate.
[21:29:04][no_game_date][decision.cpp:4493]: Duplicate decision. develop_bymnonia_tungsten is a duplicate.
[21:29:04][no_game_date][decision.cpp:4493]: Duplicate decision. develop_chykchyryn_chromium is a duplicate.
[21:29:04][no_game_date][decision.cpp:4493]: Duplicate decision. develop_chykchyryn_aluminium is a duplicate.
[21:29:04][no_game_date][decision.cpp:4493]: Duplicate decision. develop_east_rose_forest_tungsten is a duplicate.
[21:29:04][no_game_date][decision.cpp:4493]: Duplicate decision. develop_den_crystals is a duplicate.
[21:29:04][no_game_date][decision.cpp:4493]: Duplicate decision. develop_hind_tungsten is a duplicate.
[21:29:04][no_game_date][decision.cpp:4493]: Duplicate decision. develop_hsihoof_tungsten is a duplicate.
[21:29:04][no_game_date][decision.cpp:4493]: Duplicate decision. develop_antlerjab_steel is a duplicate.
[21:29:04][no_game_date][decision.cpp:4493]: Duplicate decision. develop_huanchu_steel is a duplicate.
[21:29:04][no_game_date][decision.cpp:4493]: Duplicate decision. develop_ginje_steel is a duplicate.
[21:29:04][no_game_date][decision.cpp:4493]: Duplicate decision. develop_dulla_aluminium is a duplicate.
[21:29:04][no_game_date][decision.cpp:4493]: Duplicate decision. develop_koltshgar_aluminium is a duplicate.
[21:29:04][no_game_date][decision.cpp:4493]: Duplicate decision. develop_rio_de_jandaia_steel is a duplicate.
[21:29:04][no_game_date][decision.cpp:4493]: Duplicate decision. develop_plissalto_steel is a duplicate.
[21:29:04][no_game_date][decision.cpp:4493]: Duplicate decision. develop_serra_recondito_chromium is a duplicate.
[21:29:04][no_game_date][decision.cpp:4493]: Duplicate decision. develop_darnaigh_chromium is a duplicate.
[21:29:04][no_game_date][decision.cpp:4493]: Duplicate decision. develop_qatrain_aluminium is a duplicate.
[21:29:04][no_game_date][decision.cpp:4493]: Duplicate decision. develop_karen_steel is a duplicate.
[21:29:04][no_game_date][decision.cpp:4493]: Duplicate decision. develop_zwahile_steel is a duplicate.
[21:29:04][no_game_date][decision.cpp:4493]: Duplicate decision. develop_wetbanks_aluminium is a duplicate.
[21:29:04][no_game_date][decision.cpp:4493]: Duplicate decision. develop_thunderpoint_aluminium is a duplicate.
[21:29:04][no_game_date][decision.cpp:4493]: Duplicate decision. develop_eye_of_the_storm_tungsten is a duplicate.
[21:29:04][no_game_date][decision.cpp:4493]: Duplicate decision. develop_eye_of_the_storm_crystals1 is a duplicate.
[21:29:04][no_game_date][decision.cpp:4493]: Duplicate decision. develop_eye_of_the_storm_crystals2 is a duplicate.
[21:29:04][no_game_date][decision.cpp:4493]: Duplicate decision. develop_eye_of_the_storm_crystals3 is a duplicate.
[21:29:04][no_game_date][decision.cpp:4493]: Duplicate decision. develop_eye_of_the_storm_crystals4 is a duplicate.
[21:29:04][no_game_date][decision.cpp:4493]: Duplicate decision. develop_thunder_cliffs_chromium is a duplicate.
[21:29:04][no_game_date][decision.cpp:4493]: Duplicate decision. develop_calfkum_oil is a duplicate.
[21:29:04][no_game_date][decision.cpp:4493]: Duplicate decision. develop_furna_oil is a duplicate.
[21:29:04][no_game_date][decision.cpp:4493]: Duplicate decision. develop_shizra_oil is a duplicate.
[21:29:04][no_game_date][decision.cpp:4493]: Duplicate decision. develop_zamfara_oil is a duplicate.
[21:29:04][no_game_date][decision.cpp:4493]: Duplicate decision. develop_gelion_oil is a duplicate.
[21:29:04][no_game_date][decision.cpp:4493]: Duplicate decision. develop_modnihendi_oil is a duplicate.
[21:29:04][no_game_date][decision.cpp:4493]: Duplicate decision. develop_grand_alaudia_bauxite_mine is a duplicate.
[21:29:04][no_game_date][decision.cpp:4493]: Duplicate decision. expand_oromeowia_oil_field is a duplicate.
[21:29:04][no_game_date][trigger.cpp:700]: Invalid trigger 'limit' in common/national_focus/NCH_Chrysalis_shared_focus.txt line : 444
[21:29:04][no_game_date][trigger.cpp:568]: Error: "Unknown trigger-type: limit, near line: 444" in file: "common/national_focus/NCH_Chrysalis_shared_focus.txt" near line: 451
[21:29:04][no_game_date][effect.cpp:356]: Error: "Non assign effect is not enclosed in {}: set_capital, near line: 704" in file: "common/national_focus/NCH_Chrysalis_shared_focus.txt" near line: 705
[21:29:04][no_game_date][trigger.cpp:700]: Invalid trigger 'has_ideas' in common/national_focus/NCH_Chrysalis_shared_focus.txt line : 778
[21:29:04][no_game_date][trigger.cpp:568]: Error: "Unknown trigger-type: has_ideas, near line: 778" in file: "common/national_focus/NCH_Chrysalis_shared_focus.txt" near line: 779
[21:29:04][no_game_date][trigger.cpp:686]: Invalid scope type for trigger is_subject_of in common/national_focus/NCH_Gytha_Patch_Main_shared_focus.txt line : 2787
[21:29:04][no_game_date][persistent.cpp:66]: Error: "Unexpected token: x, near line: 2868" in file: "common/national_focus/NCH_Gytha_Patch_Main_shared_focus.txt" near line: 2868
[21:29:04][no_game_date][persistent.cpp:66]: Error: "Unexpected token: y, near line: 2869" in file: "common/national_focus/NCH_Gytha_Patch_Main_shared_focus.txt" near line: 2869
[21:29:04][no_game_date][persistent.cpp:66]: Error: "Unexpected token: completion_reward, near line: 2871" in file: "common/national_focus/NCH_Gytha_Patch_Main_shared_focus.txt" near line: 2885
[21:29:04][no_game_date][effect.cpp:443]: Invalid effect 'limit' in common/national_focus/NCH_army_shared_focus.txt line : 84
[21:29:04][no_game_date][effect.cpp:356]: Error: "Unknown effect-type: limit, near line: 84" in file: "common/national_focus/NCH_army_shared_focus.txt" near line: 91
[21:29:04][no_game_date][effect.cpp:443]: Invalid effect 'research_bonus' in common/national_focus/NCH_army_shared_focus.txt line : 748
[21:29:04][no_game_date][trigger.cpp:568]: Error: "Unknown effect-type: research_bonus, near line: 748" in file: "common/national_focus/NCH_army_shared_focus.txt" near line: 757
[21:29:04][no_game_date][effect.cpp:356]: Error: "not a province building type: 5188, near line: 829" in file: "common/national_focus/NCH_army_shared_focus.txt" near line: 832
[21:29:04][no_game_date][parser.cpp:966]: Error: unexpected token in file: "common/national_focus/NCH_army_shared_focus.txt" near line: 894 ( add )
[21:29:04][no_game_date][effect.cpp:443]: Invalid effect 'add' in common/national_focus/NCH_army_shared_focus.txt line : 894
[21:29:04][no_game_date][parser.cpp:966]: Error: unexpected token in file: "common/national_focus/NCH_army_shared_focus.txt" near line: 894 ( = )
[21:29:04][no_game_date][effect.cpp:443]: Invalid effect '=' in common/national_focus/NCH_army_shared_focus.txt line : 894
[21:29:04][no_game_date][effect.cpp:356]: Error: "Unknown effect-type: add, near line: 894
Unknown effect-type: =, near line: 894" in file: "common/national_focus/NCH_army_shared_focus.txt" near line: 904
[21:29:04][no_game_date][trigger.cpp:700]: Invalid trigger 'no' in common/national_focus/NCH_army_shared_focus.txt line : 1042
[21:29:04][no_game_date][trigger.cpp:568]: Error: "Unknown trigger-type: no, near line: 1042" in file: "common/national_focus/NCH_army_shared_focus.txt" near line: 1043
[21:29:04][no_game_date][effect.cpp:433]: Invalid scope type for effect add_equipment_bonus in common/national_focus/NCH_army_shared_focus.txt line : 1058
[21:29:04][no_game_date][effect.cpp:443]: Invalid effect 'remove_idea' in common/national_focus/NCH_army_shared_focus.txt line : 1100
[21:29:04][no_game_date][effect.cpp:443]: Invalid effect 'remove_idea' in common/national_focus/NCH_army_shared_focus.txt line : 1101
[21:29:04][no_game_date][effect.cpp:443]: Invalid effect 'remove_idea' in common/national_focus/NCH_army_shared_focus.txt line : 1102
[21:29:04][no_game_date][effect.cpp:356]: Error: "Unknown effect-type: remove_idea, near line: 1100
Unknown effect-type: remove_idea, near line: 1101
Unknown effect-type: remove_idea, near line: 1102" in file: "common/national_focus/NCH_army_shared_focus.txt" near line: 1103
[21:29:04][no_game_date][effect.cpp:356]: Error: "not a province building type: 5131, near line: 1478" in file: "common/national_focus/NCH_army_shared_focus.txt" near line: 1481
[21:29:04][no_game_date][effectimplementation.cpp:5427]: common/national_focus/NCH_army_shared_focus.txt:1999: recruit_character should only happen in game/history files in order to be executed only at game start
[21:29:04][no_game_date][effect.cpp:443]: Invalid effect 'NCH_air_production_buff_effect' in common/national_focus/NCH_army_shared_focus.txt line : 2075
[21:29:04][no_game_date][effect.cpp:356]: Error: "Unknown effect-type: NCH_air_production_buff_effect, near line: 2075" in file: "common/national_focus/NCH_army_shared_focus.txt" near line: 2081
[21:29:04][no_game_date][effect.cpp:356]: Error: "not a province building type: 10952, near line: 2114" in file: "common/national_focus/NCH_army_shared_focus.txt" near line: 2115
[21:29:04][no_game_date][effectimplementation.cpp:5427]: common/national_focus/NCH_army_shared_focus.txt:2303: recruit_character should only happen in game/history files in order to be executed only at game start
[21:29:05][no_game_date][nationalfocus.cpp:2410]: NCH_inity_as_the_highest_good: Couldn't find dependency NCH_first_president 
[21:29:05][no_game_date][nationalfocus.cpp:2410]: NCH_sorry_as_bee: Couldn't find dependency NCH_air_support 
[21:29:05][no_game_date][musicmanager.cpp:137]: Missing music_station faceplate GUI component containerWindowType with name: GF_faceplate
[21:29:05][no_game_date][pdx_audio.cpp:1369]: Could not find music named Maxwell_the_Cat_Theme
[21:29:05][no_game_date][pdx_audio.cpp:1369]: Could not find music named anbennar_AF_deioderan
[21:29:05][no_game_date][pdx_audio.cpp:1369]: Could not find music named Resonant_Tonality-Hearth's_Warming_War
[21:29:05][no_game_date][pdx_audio.cpp:1369]: Could not find music named liberty_equality_fraternity
[21:29:05][no_game_date][pdx_audio.cpp:1369]: Could not find music named imperterrita
[21:29:05][no_game_date][pdx_audio.cpp:1369]: Could not find music named cloak_and_dagger
[21:29:05][no_game_date][pdx_audio.cpp:1369]: Could not find music named a_storm_coming
[21:29:05][no_game_date][musicmanager.cpp:153]: Error no music_station defined for songs in [file] music/secret_songs.txt [location]  file: music/secret_songs.txt line: 10
[21:29:05][no_game_date][pdx_audio.cpp:1369]: Could not find music named darkwood_wedding
[21:29:06][no_game_date][trigger.cpp:700]: Invalid trigger 'check_bop_value_loop_trigger' in common/scripted_effects/EAW_misc_effect.txt line : 3381
[21:29:06][no_game_date][trigger.cpp:568]: Error: "Unknown trigger-type: check_bop_value_loop_trigger, near line: 3381" in file: "common/scripted_effects/EAW_misc_effect.txt" near line: 3381
[21:29:06][no_game_date][trigger.cpp:700]: Invalid trigger 'check_bop_value_loop_trigger' in common/scripted_effects/EAW_misc_effect.txt line : 3388
[21:29:06][no_game_date][trigger.cpp:568]: Error: "Unknown trigger-type: check_bop_value_loop_trigger, near line: 3388" in file: "common/scripted_effects/EAW_misc_effect.txt" near line: 3388
[21:29:06][no_game_date][trigger.cpp:700]: Invalid trigger 'check_bop_value_loop_trigger' in common/scripted_effects/EAW_misc_effect.txt line : 3395
[21:29:06][no_game_date][trigger.cpp:568]: Error: "Unknown trigger-type: check_bop_value_loop_trigger, near line: 3395" in file: "common/scripted_effects/EAW_misc_effect.txt" near line: 3395
[21:29:06][no_game_date][trigger.cpp:700]: Invalid trigger 'check_bop_value_loop_trigger' in common/scripted_effects/EAW_misc_effect.txt line : 3402
[21:29:06][no_game_date][trigger.cpp:568]: Error: "Unknown trigger-type: check_bop_value_loop_trigger, near line: 3402" in file: "common/scripted_effects/EAW_misc_effect.txt" near line: 3402
[21:29:06][no_game_date][trigger.cpp:700]: Invalid trigger 'check_bop_value_loop_trigger' in common/scripted_effects/EAW_misc_effect.txt line : 3409
[21:29:06][no_game_date][trigger.cpp:568]: Error: "Unknown trigger-type: check_bop_value_loop_trigger, near line: 3409" in file: "common/scripted_effects/EAW_misc_effect.txt" near line: 3409
[21:29:06][no_game_date][trigger.cpp:700]: Invalid trigger 'check_bop_value_loop_trigger' in common/scripted_effects/EAW_misc_effect.txt line : 3416
[21:29:06][no_game_date][trigger.cpp:568]: Error: "Unknown trigger-type: check_bop_value_loop_trigger, near line: 3416" in file: "common/scripted_effects/EAW_misc_effect.txt" near line: 3416
[21:29:06][no_game_date][trigger.cpp:700]: Invalid trigger 'check_bop_value_loop_trigger' in common/scripted_effects/EAW_misc_effect.txt line : 3423
[21:29:06][no_game_date][trigger.cpp:568]: Error: "Unknown trigger-type: check_bop_value_loop_trigger, near line: 3423" in file: "common/scripted_effects/EAW_misc_effect.txt" near line: 3423
[21:29:06][no_game_date][trigger.cpp:700]: Invalid trigger 'check_bop_value_loop_trigger' in common/scripted_effects/EAW_misc_effect.txt line : 3430
[21:29:06][no_game_date][trigger.cpp:568]: Error: "Unknown trigger-type: check_bop_value_loop_trigger, near line: 3430" in file: "common/scripted_effects/EAW_misc_effect.txt" near line: 3430
[21:29:06][no_game_date][trigger.cpp:700]: Invalid trigger 'check_bop_value_loop_trigger' in common/scripted_effects/EAW_misc_effect.txt line : 3437
[21:29:06][no_game_date][trigger.cpp:568]: Error: "Unknown trigger-type: check_bop_value_loop_trigger, near line: 3437" in file: "common/scripted_effects/EAW_misc_effect.txt" near line: 3437
[21:29:06][no_game_date][trigger.cpp:700]: Invalid trigger 'check_bop_value_loop_trigger' in common/scripted_effects/EAW_misc_effect.txt line : 3444
[21:29:06][no_game_date][trigger.cpp:568]: Error: "Unknown trigger-type: check_bop_value_loop_trigger, near line: 3444" in file: "common/scripted_effects/EAW_misc_effect.txt" near line: 3444
[21:29:06][no_game_date][trigger.cpp:700]: Invalid trigger 'check_bop_value_loop_trigger' in common/scripted_effects/EAW_misc_effect.txt line : 3451
[21:29:06][no_game_date][trigger.cpp:568]: Error: "Unknown trigger-type: check_bop_value_loop_trigger, near line: 3451" in file: "common/scripted_effects/EAW_misc_effect.txt" near line: 3451
[21:29:06][no_game_date][persistent.cpp:66]: Error: "Token has_country_flag is not supported within the allowed trigger: }, near line: 112" in file: "common/ai_strategy_plans/NCH_alternate_strategy_plan.txt" near line: 112
[21:29:06][no_game_date][parser.cpp:966]: Error: unexpected token in file: "common/ai_strategy_plans/NCH_historical_strategy_plan.txt" near line: 63 ( } )
[21:29:06][no_game_date][persistent.cpp:66]: Error: "Unexpected token: ai_NCHck, near line: 126" in file: "common/scripted_guis/slp_menu_open.txt" near line: 129
[21:29:06][no_game_date][persistent.cpp:66]: Error: "Unexpected token: ai_NCHck, near line: 134" in file: "common/scripted_guis/slp_menu_open.txt" near line: 136
[21:29:06][no_game_date][equipment_database.cpp:655]: pre_dreadnought_nomtg is an equipment type or equipment category but is not in script enum script_enum_equipment_bonus_type. This script enum is used as documentation and should be updated at the same time as either game/common/units/equipment or the equipment categories (hardcoded in code).
[21:29:06][no_game_date][equipment_database.cpp:655]: battleship_5 is an equipment type or equipment category but is not in script enum script_enum_equipment_bonus_type. This script enum is used as documentation and should be updated at the same time as either game/common/units/equipment or the equipment categories (hardcoded in code).
[21:29:06][no_game_date][equipment_database.cpp:655]: battleship_6 is an equipment type or equipment category but is not in script enum script_enum_equipment_bonus_type. This script enum is used as documentation and should be updated at the same time as either game/common/units/equipment or the equipment categories (hardcoded in code).
[21:29:06][no_game_date][equipment_database.cpp:655]: SH_battleship_3 is an equipment type or equipment category but is not in script enum script_enum_equipment_bonus_type. This script enum is used as documentation and should be updated at the same time as either game/common/units/equipment or the equipment categories (hardcoded in code).
[21:29:06][no_game_date][equipment_database.cpp:655]: battle_cruiser_3 is an equipment type or equipment category but is not in script enum script_enum_equipment_bonus_type. This script enum is used as documentation and should be updated at the same time as either game/common/units/equipment or the equipment categories (hardcoded in code).
[21:29:07][no_game_date][effect.cpp:443]: Invalid effect 'duration' in events/NCH_events.txt line : 2045
[21:29:07][no_game_date][effect.cpp:356]: Error: "Unknown effect-type: duration, near line: 2045" in file: "events/NCH_events.txt" near line: 2046
[21:29:07][no_game_date][effectimplementation.cpp:5427]: events/NCH_events.txt:2062: recruit_character should only happen in game/history files in order to be executed only at game start
[21:29:07][no_game_date][effectimplementation.cpp:5427]: events/NCH_events.txt:2063: recruit_character should only happen in game/history files in order to be executed only at game start
[21:29:07][no_game_date][effect.cpp:356]: Error: "Malformed token: NCH_WIT_friends, near line: 3347" in file: "events/NCH_events.txt" near line: 3348
[21:29:07][no_game_date][effect.cpp:356]: Error: "Malformed token: NCH_WIT_friends, near line: 3378" in file: "events/NCH_events.txt" near line: 3379
[21:29:07][no_game_date][effect.cpp:356]: Error: "Multiple limits in a 'if' effect.: limit, near line: 3470" in file: "events/NCH_events.txt" near line: 3485
[21:29:07][no_game_date][effect.cpp:356]: Error: "Multiple limits in a 'if' effect.: limit, near line: 3506" in file: "events/NCH_events.txt" near line: 3521
[21:29:07][no_game_date][trigger.cpp:568]: Error: "Not a valid value: RCT, near line: 4185" in file: "events/NCH_events.txt" near line: 4186
[21:29:07][no_game_date][trigger.cpp:568]: Error: "Not a valid value: RCT, near line: 4211" in file: "events/NCH_events.txt" near line: 4212
[21:29:07][no_game_date][trigger.cpp:568]: Error: "Not a valid value: RCT, near line: 4237" in file: "events/NCH_events.txt" near line: 4238
[21:29:07][no_game_date][trigger.cpp:568]: Error: "Not a valid value: RCT, near line: 4262" in file: "events/NCH_events.txt" near line: 4265
[21:29:07][no_game_date][trigger.cpp:568]: Error: "Not a valid value: RCT, near line: 4280" in file: "events/NCH_events.txt" near line: 4282
[21:29:07][no_game_date][trigger.cpp:568]: Error: "Not a valid value: RCT, near line: 4297" in file: "events/NCH_events.txt" near line: 4297
[21:29:07][no_game_date][persistent.cpp:66]: Error: "Unknown modifier: local_manpower_factor, near line: 4356" in file: "events/NCH_events.txt" near line: 4356
[21:29:07][no_game_date][persistent.cpp:66]: Error: "Unknown modifier: local_manpower_factor, near line: 4366" in file: "events/NCH_events.txt" near line: 4366
[21:29:07][no_game_date][persistent.cpp:66]: Error: "local_building_slots specified multiple time, last value will be used: 1, near line: 4375" in file: "events/NCH_events.txt" near line: 4375
[21:29:07][no_game_date][persistent.cpp:66]: Error: "Unknown modifier: local_manpower_factor, near line: 4376" in file: "events/NCH_events.txt" near line: 4376
[21:29:07][no_game_date][persistent.cpp:66]: Error: "Unknown modifier: local_manpower_factor, near line: 4386" in file: "events/NCH_events.txt" near line: 4386
[21:29:07][no_game_date][persistent.cpp:66]: Error: "Unknown modifier: local_supplies_factor, near line: 4427" in file: "events/NCH_events.txt" near line: 4427
[21:29:07][no_game_date][effect.cpp:443]: Invalid effect 'tag' in events/NCH_events.txt line : 5014
[21:29:07][no_game_date][effect.cpp:356]: Error: "Unknown effect-type: tag, near line: 5014" in file: "events/NCH_events.txt" near line: 5015
[21:29:07][no_game_date][effect.cpp:356]: Error: "Non assign effect is not enclosed in {}: remove_country_leader_role, near line: 5088" in file: "events/NCH_events.txt" near line: 5089
[21:29:07][no_game_date][effect.cpp:433]: Invalid scope type for effect swap_ruler_traits in events/NCH_events.txt line : 5109
[21:29:07][no_game_date][effect.cpp:356]: Error: "swap_ruler_traits effect: Invalid trait for add: steel_lady, near line: 5111" in file: "events/NCH_events.txt" near line: 5113
[21:29:07][no_game_date][effect.cpp:433]: Invalid scope type for effect swap_ruler_traits in events/NCH_events.txt line : 5121
[21:29:07][no_game_date][effect.cpp:356]: Error: "swap_ruler_traits effect: Invalid trait for add: steel_lady, near line: 5123" in file: "events/NCH_events.txt" near line: 5125
[21:29:07][no_game_date][effect.cpp:356]: Error: "Non assign effect is not enclosed in {}: remove_country_leader_role, near line: 5140" in file: "events/NCH_events.txt" near line: 5141
[21:29:07][no_game_date][trigger.cpp:700]: Invalid trigger 'clr_country_flag' in events/North Zebrica War.txt line : 26
[21:29:07][no_game_date][trigger.cpp:568]: Error: "Unknown trigger-type: clr_country_flag, near line: 26" in file: "events/North Zebrica War.txt" near line: 27
[21:29:07][no_game_date][trigger.cpp:700]: Invalid trigger 'clr_country_flag' in events/North Zebrica War.txt line : 37
[21:29:07][no_game_date][trigger.cpp:568]: Error: "Unknown trigger-type: clr_country_flag, near line: 37" in file: "events/North Zebrica War.txt" near line: 38
[21:29:07][no_game_date][trigger.cpp:700]: Invalid trigger 'clr_country_flag' in events/North Zebrica War.txt line : 48
[21:29:07][no_game_date][trigger.cpp:568]: Error: "Unknown trigger-type: clr_country_flag, near line: 48" in file: "events/North Zebrica War.txt" near line: 49
[21:29:07][no_game_date][trigger.cpp:700]: Invalid trigger 'has_historical_ai_behaviour' in events/RiverFedEvents.txt line : 1228
[21:29:07][no_game_date][trigger.cpp:568]: Error: "Unknown trigger-type: has_historical_ai_behaviour, near line: 1228" in file: "events/RiverFedEvents.txt" near line: 1228
[21:29:07][no_game_date][trigger.cpp:700]: Invalid trigger 'has_historical_ai_behaviour' in events/RiverFedEvents.txt line : 1300
[21:29:07][no_game_date][trigger.cpp:568]: Error: "Unknown trigger-type: has_historical_ai_behaviour, near line: 1300" in file: "events/RiverFedEvents.txt" near line: 1301
[21:29:07][no_game_date][trigger.cpp:700]: Invalid trigger 'has_historical_ai_behaviour' in events/RiverFedEvents.txt line : 1349
[21:29:07][no_game_date][trigger.cpp:568]: Error: "Unknown trigger-type: has_historical_ai_behaviour, near line: 1349" in file: "events/RiverFedEvents.txt" near line: 1350
[21:29:07][no_game_date][effect.cpp:356]: Error: "Unexpected token: major, near line: 22" in file: "common/on_actions/NCH_on_action.txt" near line: 24
[21:29:07][no_game_date][trigger.cpp:700]: Invalid trigger 'is_captured' in common/on_actions/NCH_on_action.txt line : 35
[21:29:07][no_game_date][trigger.cpp:568]: Error: "Unknown trigger-type: is_captured, near line: 35" in file: "common/on_actions/NCH_on_action.txt" near line: 36
[21:29:07][no_game_date][effect.cpp:356]: Error: "Unexpected token: major, near line: 40" in file: "common/on_actions/NCH_on_action.txt" near line: 42
[21:29:07][no_game_date][trigger.cpp:700]: Invalid trigger 'is_captured' in common/on_actions/NCH_on_action.txt line : 54
[21:29:07][no_game_date][trigger.cpp:568]: Error: "Unknown trigger-type: is_captured, near line: 54" in file: "common/on_actions/NCH_on_action.txt" near line: 55
[21:29:07][no_game_date][effect.cpp:356]: Error: "Unexpected token: major, near line: 66" in file: "common/on_actions/NCH_on_action.txt" near line: 68
[21:29:07][no_game_date][trigger.cpp:700]: Invalid trigger 'add_ideas' in common/on_actions/NCH_on_action.txt line : 239
[21:29:07][no_game_date][trigger.cpp:568]: Error: "Unknown trigger-type: add_ideas, near line: 239" in file: "common/on_actions/NCH_on_action.txt" near line: 242
[21:29:07][no_game_date][database_scoped_variables.cpp:266]: invalid database object for effect/trigger: heavy_cruiser_1. use var:var_name to explicitly use variables in effects/triggers
[21:29:07][no_game_date][database_scoped_variables.cpp:266]: invalid database object for effect/trigger: light_cruiser_1. use var:var_name to explicitly use variables in effects/triggers
[21:29:07][no_game_date][database_scoped_variables.cpp:266]: invalid database object for effect/trigger: destroyer_1. use var:var_name to explicitly use variables in effects/triggers
[21:29:07][no_game_date][database_scoped_variables.cpp:266]: invalid database object for effect/trigger: destroyer_2. use var:var_name to explicitly use variables in effects/triggers
[21:29:07][no_game_date][database_scoped_variables.cpp:266]: invalid database object for effect/trigger: ship_shields_1. use var:var_name to explicitly use variables in effects/triggers
[21:29:07][no_game_date][database_scoped_variables.cpp:266]: invalid database object for effect/trigger: secondary_battery_1. use var:var_name to explicitly use variables in effects/triggers
[21:29:07][no_game_date][database_scoped_variables.cpp:266]: invalid database object for effect/trigger: ship_armor_cruiser_1. use var:var_name to explicitly use variables in effects/triggers
[21:29:07][no_game_date][database_scoped_variables.cpp:266]: invalid database object for effect/trigger: ship_torpedo_1. use var:var_name to explicitly use variables in effects/triggers
[21:29:07][no_game_date][database_scoped_variables.cpp:266]: invalid database object for effect/trigger: ship_depth_charge_1. use var:var_name to explicitly use variables in effects/triggers
[21:29:07][no_game_date][database_scoped_variables.cpp:266]: invalid database object for effect/trigger: mega_carrier. use var:var_name to explicitly use variables in effects/triggers
[21:29:07][no_game_date][triggerimplementation.cpp:9803]: common/on_actions/eaw_ai_focus_on_actions_NCH.txt:37: has_game_rule: game rule option NCH_alternate_facism is not valid for the rule NCH_ai_behavior
[21:29:07][no_game_date][triggerimplementation.cpp:9803]: common/on_actions/eaw_ai_focus_on_actions_NCH.txt:48: has_game_rule: game rule option NCH_alternate_communist is not valid for the rule NCH_ai_behavior
[21:29:07][no_game_date][triggerimplementation.cpp:9803]: common/on_actions/eaw_ai_focus_on_actions_NCH.txt:59: has_game_rule: game rule option NCH_alternate_neutrality is not valid for the rule NCH_ai_behavior
[21:29:07][no_game_date][effect.cpp:811]: common/decisions/NCH_decisions.txt:1432: add_timed_idea: Invalid idea: NCH_boost_exp. If you wanted to reference a variable, you need to explicitly prefix it with var: or temp_var:.
[21:29:07][no_game_date][effectimplementation.cpp:2250]: common/national_focus/NCH_army_shared_focus.txt:2325: swap_ideas: Invalid idea: NCH_GAF_masters_3. If you wanted to reference a variable, you need to explicitly prefix it with var: or temp_var:.
[21:29:07][no_game_date][effectimplementation.cpp:2250]: common/national_focus/NCH_army_shared_focus.txt:2325: swap_ideas: Invalid idea: NCH_GAF_masters_4_tac. If you wanted to reference a variable, you need to explicitly prefix it with var: or temp_var:.
[21:29:07][no_game_date][effectimplementation.cpp:2250]: common/national_focus/NCH_army_shared_focus.txt:2344: swap_ideas: Invalid idea: NCH_GAF_masters_3. If you wanted to reference a variable, you need to explicitly prefix it with var: or temp_var:.
[21:29:07][no_game_date][effectimplementation.cpp:2250]: common/national_focus/NCH_army_shared_focus.txt:2344: swap_ideas: Invalid idea: NCH_GAF_masters_4_fig. If you wanted to reference a variable, you need to explicitly prefix it with var: or temp_var:.
[21:29:07][no_game_date][effect.cpp:811]: events/NCH_events.txt:2043: add_timed_idea: At least one of those parameter is mandatory : days, months or years
[21:29:07][no_game_date][persistent.cpp:66]: Error: "Unexpected token: REB, near line: 7" in file: "common/countries/REB.txt" near line: 10
[21:29:09][no_game_date][trigger.cpp:700]: Invalid trigger 'check_bop_value_loop_trigger' in common/scripted_effects/EAW_misc_effect.txt line : 3381
[21:29:09][no_game_date][trigger.cpp:568]: Error: "Unknown trigger-type: check_bop_value_loop_trigger, near line: 3381" in file: "common/scripted_effects/EAW_misc_effect.txt" near line: 3381
[21:29:09][no_game_date][trigger.cpp:700]: Invalid trigger 'check_bop_value_loop_trigger' in common/scripted_effects/EAW_misc_effect.txt line : 3388
[21:29:09][no_game_date][trigger.cpp:568]: Error: "Unknown trigger-type: check_bop_value_loop_trigger, near line: 3388" in file: "common/scripted_effects/EAW_misc_effect.txt" near line: 3388
[21:29:09][no_game_date][trigger.cpp:700]: Invalid trigger 'check_bop_value_loop_trigger' in common/scripted_effects/EAW_misc_effect.txt line : 3395
[21:29:09][no_game_date][trigger.cpp:568]: Error: "Unknown trigger-type: check_bop_value_loop_trigger, near line: 3395" in file: "common/scripted_effects/EAW_misc_effect.txt" near line: 3395
[21:29:09][no_game_date][trigger.cpp:700]: Invalid trigger 'check_bop_value_loop_trigger' in common/scripted_effects/EAW_misc_effect.txt line : 3402
[21:29:09][no_game_date][trigger.cpp:568]: Error: "Unknown trigger-type: check_bop_value_loop_trigger, near line: 3402" in file: "common/scripted_effects/EAW_misc_effect.txt" near line: 3402
[21:29:09][no_game_date][trigger.cpp:700]: Invalid trigger 'check_bop_value_loop_trigger' in common/scripted_effects/EAW_misc_effect.txt line : 3409
[21:29:09][no_game_date][trigger.cpp:568]: Error: "Unknown trigger-type: check_bop_value_loop_trigger, near line: 3409" in file: "common/scripted_effects/EAW_misc_effect.txt" near line: 3409
[21:29:09][no_game_date][trigger.cpp:700]: Invalid trigger 'check_bop_value_loop_trigger' in common/scripted_effects/EAW_misc_effect.txt line : 3416
[21:29:09][no_game_date][trigger.cpp:568]: Error: "Unknown trigger-type: check_bop_value_loop_trigger, near line: 3416" in file: "common/scripted_effects/EAW_misc_effect.txt" near line: 3416
[21:29:09][no_game_date][trigger.cpp:700]: Invalid trigger 'check_bop_value_loop_trigger' in common/scripted_effects/EAW_misc_effect.txt line : 3423
[21:29:09][no_game_date][trigger.cpp:568]: Error: "Unknown trigger-type: check_bop_value_loop_trigger, near line: 3423" in file: "common/scripted_effects/EAW_misc_effect.txt" near line: 3423
[21:29:09][no_game_date][trigger.cpp:700]: Invalid trigger 'check_bop_value_loop_trigger' in common/scripted_effects/EAW_misc_effect.txt line : 3430
[21:29:09][no_game_date][trigger.cpp:568]: Error: "Unknown trigger-type: check_bop_value_loop_trigger, near line: 3430" in file: "common/scripted_effects/EAW_misc_effect.txt" near line: 3430
[21:29:09][no_game_date][trigger.cpp:700]: Invalid trigger 'check_bop_value_loop_trigger' in common/scripted_effects/EAW_misc_effect.txt line : 3437
[21:29:09][no_game_date][trigger.cpp:568]: Error: "Unknown trigger-type: check_bop_value_loop_trigger, near line: 3437" in file: "common/scripted_effects/EAW_misc_effect.txt" near line: 3437
[21:29:09][no_game_date][trigger.cpp:700]: Invalid trigger 'check_bop_value_loop_trigger' in common/scripted_effects/EAW_misc_effect.txt line : 3444
[21:29:09][no_game_date][trigger.cpp:568]: Error: "Unknown trigger-type: check_bop_value_loop_trigger, near line: 3444" in file: "common/scripted_effects/EAW_misc_effect.txt" near line: 3444
[21:29:09][no_game_date][trigger.cpp:700]: Invalid trigger 'check_bop_value_loop_trigger' in common/scripted_effects/EAW_misc_effect.txt line : 3451
[21:29:09][no_game_date][trigger.cpp:568]: Error: "Unknown trigger-type: check_bop_value_loop_trigger, near line: 3451" in file: "common/scripted_effects/EAW_misc_effect.txt" near line: 3451
[21:29:09][no_game_date][gameitemdatabase.h:323]: 42 errors.
[21:29:09][no_game_date][gameitemdatabase.h:335]: =============================
[21:29:21][no_game_date][character_template_database.cpp:242]: Multiple character have the tag AWN_leader
[21:29:21][no_game_date][character_manager.cpp:723]: Several characters have the name AWN_leader 23073
[21:29:22][1007.01.01.12][scopedvariable.cpp:363]: mio:EQS_mustang_organization was not found in country scope TEM
[21:29:22][1007.01.01.12][scopedvariable.cpp:363]: mio:EQS_mustang_organization was not found in country scope TEM
[21:29:22][1007.01.01.12][scopedvariable.cpp:363]: mio:EQS_shoof_organization was not found in country scope TEM
[21:29:22][1007.01.01.12][effectimplementation.cpp:5447]: history/countries/AWP.txt:12: recruit_character: Unknown character 
[21:29:52][1007.01.01.12][texturehandler.cpp:160]: Texture Handler encountered missing texture file: gfx/interface/counters/divisions_large/custom_template_guntruck.dds
[21:29:52][1007.01.01.12][texturehandler.cpp:216]: Couldn't find texture file: 'gfx/interface/counters/divisions_large/custom_template_guntruck.dds'
[21:29:52][1007.01.01.12][texturehandler.cpp:160]: Texture Handler encountered missing texture file: gfx/interface/counters/divisions_large/custom_template_tortoise.dds
[21:29:52][1007.01.01.12][texturehandler.cpp:216]: Couldn't find texture file: 'gfx/interface/counters/divisions_large/custom_template_tortoise.dds'
[21:29:53][1007.01.01.12][gui.cpp:931]: Undefined GUI_TYPE: _stations_entry - This will most likely crash the game
[21:29:53][1007.01.01.12][musicplayerview.cpp:63]: Missing music_station_entry GUI component containerWindowType with name: _stations_entry
[21:29:55][1007.01.01.12][graphics.cpp:1280]: No font with name  
[21:29:55][1007.01.01.12][graphics.cpp:1280]: No font with name  
[21:30:13][no_game_date][character_template_database.cpp:242]: Multiple character have the tag AWN_leader
[21:30:13][no_game_date][character_manager.cpp:723]: Several characters have the name AWN_leader 23073
[21:30:15][no_game_date][character_template_database.cpp:242]: Multiple character have the tag AWN_leader
[21:30:15][no_game_date][character_manager.cpp:723]: Several characters have the name AWN_leader 23073
[21:30:15][1007.01.01.12][scopedvariable.cpp:363]: mio:EQS_mustang_organization was not found in country scope TEM
[21:30:15][1007.01.01.12][scopedvariable.cpp:363]: mio:EQS_mustang_organization was not found in country scope TEM
[21:30:15][1007.01.01.12][scopedvariable.cpp:363]: mio:EQS_shoof_organization was not found in country scope TEM
[21:30:15][1007.01.01.12][effectimplementation.cpp:5447]: history/countries/AWP.txt:12: recruit_character: Unknown character 
